This is pdfTeX, Version 3.14159265-2.6-1.40.16 (MiKTeX 2.9 64-bit) (preloaded format=pdflatex 2015.7.16)  4 AUG 2017 10:39
entering extended mode
**images/Schema2entrees
(images/Schema2entrees.tex
LaTeX2e <2015/01/01> patch level 2
Babel <3.9l> and hyphenation patterns for 69 languages loaded.
("C:\Program Files\MiKTeX 2.9\tex\latex\standalone\standalone.cls"
Document Class: standalone 2015/07/15 v1.2 Class to compile TeX sub-files stand
alone
("C:\Program Files\MiKTeX 2.9\tex\generic\oberdiek\ifluatex.sty"
Package: ifluatex 2010/03/01 v1.3 Provides the ifluatex switch (HO)
Package ifluatex Info: LuaTeX not detected.
) ("C:\Program Files\MiKTeX 2.9\tex\generic\oberdiek\ifpdf.sty"
Package: ifpdf 2011/01/30 v2.3 Provides the ifpdf switch (HO)
Package ifpdf Info: pdfTeX in PDF mode is detected.
) ("C:\Program Files\MiKTeX 2.9\tex\generic\ifxetex\ifxetex.sty"
Package: ifxetex 2010/09/12 v0.6 Provides ifxetex conditional
) ("C:\Program Files\MiKTeX 2.9\tex\latex\xkeyval\xkeyval.sty"
Package: xkeyval 2014/12/03 v2.7a package option processing (HA)
("C:\Program Files\MiKTeX 2.9\tex\generic\xkeyval\xkeyval.tex" ("C:\Program Fil
es\MiKTeX 2.9\tex\generic\xkeyval\xkvutils.tex"
\XKV@toks=\toks14
\XKV@tempa@toks=\toks15
("C:\Program Files\MiKTeX 2.9\tex\generic\xkeyval\keyval.tex"))
\XKV@depth=\count79
File: xkeyval.tex 2014/12/03 v2.7a key=value parser (HA)
))
\sa@internal=\count80
\c@sapage=\count81
("C:\Program Files\MiKTeX 2.9\tex\latex\standalone\standalone.cfg"
File: standalone.cfg 2015/07/15 v1.2 Default configuration file for 'standalone
' class
) ("C:\Program Files\MiKTeX 2.9\tex\latex\base\article.cls"
Document Class: article 2014/09/29 v1.4h Standard LaTeX document class
("C:\Program Files\MiKTeX 2.9\tex\latex\base\size10.clo"
File: size10.clo 2014/09/29 v1.4h Standard LaTeX file (size option)
)
\c@part=\count82
\c@section=\count83
\c@subsection=\count84
\c@subsubsection=\count85
\c@paragraph=\count86
\c@subparagraph=\count87
\c@figure=\count88
\c@table=\count89
\abovecaptionskip=\skip41
\belowcaptionskip=\skip42
\bibindent=\dimen102
)
(C:\Enseignement\Livre_Exo_Vuibert\Installation\TIKZ\texmf\tex\latex\pgf\fronte
ndlayer\tikz.sty
(C:\Enseignement\Livre_Exo_Vuibert\Installation\TIKZ\texmf\tex\latex\pgf\basicl
ayer\pgf.sty
(C:\Enseignement\Livre_Exo_Vuibert\Installation\TIKZ\texmf\tex\latex\pgf\utilit
ies\pgfrcs.sty
(C:\Enseignement\Livre_Exo_Vuibert\Installation\TIKZ\texmf\tex\generic\pgf\util
ities\pgfutil-common.tex
\pgfutil@everybye=\toks16
\pgfutil@tempdima=\dimen103
\pgfutil@tempdimb=\dimen104

(C:\Enseignement\Livre_Exo_Vuibert\Installation\TIKZ\texmf\tex\generic\pgf\util
ities\pgfutil-common-lists.tex))
(C:\Enseignement\Livre_Exo_Vuibert\Installation\TIKZ\texmf\tex\generic\pgf\util
ities\pgfutil-latex.def
\pgfutil@abb=\box26
("C:\Program Files\MiKTeX 2.9\tex\latex\ms\everyshi.sty"
Package: everyshi 2001/05/15 v3.00 EveryShipout Package (MS)
))
(C:\Enseignement\Livre_Exo_Vuibert\Installation\TIKZ\texmf\tex\generic\pgf\util
ities\pgfrcs.code.tex
Package: pgfrcs 2013/12/20 v3.0.0 (rcs-revision 1.28)
))
Package: pgf 2013/12/18 v3.0.0 (rcs-revision 1.14)

(C:\Enseignement\Livre_Exo_Vuibert\Installation\TIKZ\texmf\tex\latex\pgf\basicl
ayer\pgfcore.sty ("C:\Program Files\MiKTeX 2.9\tex\latex\graphics\graphicx.sty"
Package: graphicx 2014/10/28 v1.0g Enhanced LaTeX Graphics (DPC,SPQR)
("C:\Program Files\MiKTeX 2.9\tex\latex\graphics\graphics.sty"
Package: graphics 2014/10/28 v1.0p Standard LaTeX Graphics (DPC,SPQR)
("C:\Program Files\MiKTeX 2.9\tex\latex\graphics\trig.sty"
Package: trig 1999/03/16 v1.09 sin cos tan (DPC)
) ("C:\Program Files\MiKTeX 2.9\tex\latex\00miktex\graphics.cfg"
File: graphics.cfg 2007/01/18 v1.5 graphics configuration of teTeX/TeXLive
)
Package graphics Info: Driver file: pdftex.def on input line 94.
("C:\Program Files\MiKTeX 2.9\tex\latex\pdftex-def\pdftex.def"
File: pdftex.def 2011/05/27 v0.06d Graphics/color for pdfTeX
("C:\Program Files\MiKTeX 2.9\tex\generic\oberdiek\infwarerr.sty"
Package: infwarerr 2010/04/08 v1.3 Providing info/warning/error messages (HO)
) ("C:\Program Files\MiKTeX 2.9\tex\generic\oberdiek\ltxcmds.sty"
Package: ltxcmds 2011/11/09 v1.22 LaTeX kernel commands for general use (HO)
)
\Gread@gobject=\count90
))
\Gin@req@height=\dimen105
\Gin@req@width=\dimen106
)
(C:\Enseignement\Livre_Exo_Vuibert\Installation\TIKZ\texmf\tex\latex\pgf\system
layer\pgfsys.sty
(C:\Enseignement\Livre_Exo_Vuibert\Installation\TIKZ\texmf\tex\generic\pgf\syst
emlayer\pgfsys.code.tex
Package: pgfsys 2013/11/30 v3.0.0 (rcs-revision 1.47)

(C:\Enseignement\Livre_Exo_Vuibert\Installation\TIKZ\texmf\tex\generic\pgf\util
ities\pgfkeys.code.tex
\pgfkeys@pathtoks=\toks17
\pgfkeys@temptoks=\toks18

(C:\Enseignement\Livre_Exo_Vuibert\Installation\TIKZ\texmf\tex\generic\pgf\util
ities\pgfkeysfiltered.code.tex
\pgfkeys@tmptoks=\toks19
))
\pgf@x=\dimen107
\pgf@y=\dimen108
\pgf@xa=\dimen109
\pgf@ya=\dimen110
\pgf@xb=\dimen111
\pgf@yb=\dimen112
\pgf@xc=\dimen113
\pgf@yc=\dimen114
\w@pgf@writea=\write3
\r@pgf@reada=\read1
\c@pgf@counta=\count91
\c@pgf@countb=\count92
\c@pgf@countc=\count93
\c@pgf@countd=\count94
\t@pgf@toka=\toks20
\t@pgf@tokb=\toks21
\t@pgf@tokc=\toks22

(C:\Enseignement\Livre_Exo_Vuibert\Installation\TIKZ\texmf\tex\generic\pgf\syst
emlayer\pgf.cfg
File: pgf.cfg 2008/05/14  (rcs-revision 1.7)
)
Driver file for pgf: pgfsys-pdftex.def

(C:\Enseignement\Livre_Exo_Vuibert\Installation\TIKZ\texmf\tex\generic\pgf\syst
emlayer\pgfsys-pdftex.def
File: pgfsys-pdftex.def 2013/07/18  (rcs-revision 1.33)

(C:\Enseignement\Livre_Exo_Vuibert\Installation\TIKZ\texmf\tex\generic\pgf\syst
emlayer\pgfsys-common-pdf.def
File: pgfsys-common-pdf.def 2013/10/10  (rcs-revision 1.13)
)))
(C:\Enseignement\Livre_Exo_Vuibert\Installation\TIKZ\texmf\tex\generic\pgf\syst
emlayer\pgfsyssoftpath.code.tex
File: pgfsyssoftpath.code.tex 2013/09/09  (rcs-revision 1.9)
\pgfsyssoftpath@smallbuffer@items=\count95
\pgfsyssoftpath@bigbuffer@items=\count96
)
(C:\Enseignement\Livre_Exo_Vuibert\Installation\TIKZ\texmf\tex\generic\pgf\syst
emlayer\pgfsysprotocol.code.tex
File: pgfsysprotocol.code.tex 2006/10/16  (rcs-revision 1.4)
)) ("C:\Program Files\MiKTeX 2.9\tex\latex\xcolor\xcolor.sty"
Package: xcolor 2007/01/21 v2.11 LaTeX color extensions (UK)
("C:\Program Files\MiKTeX 2.9\tex\latex\00miktex\color.cfg"
File: color.cfg 2007/01/18 v1.5 color configuration of teTeX/TeXLive
)
Package xcolor Info: Driver file: pdftex.def on input line 225.
Package xcolor Info: Model `cmy' substituted by `cmy0' on input line 1337.
Package xcolor Info: Model `hsb' substituted by `rgb' on input line 1341.
Package xcolor Info: Model `RGB' extended on input line 1353.
Package xcolor Info: Model `HTML' substituted by `rgb' on input line 1355.
Package xcolor Info: Model `Hsb' substituted by `hsb' on input line 1356.
Package xcolor Info: Model `tHsb' substituted by `hsb' on input line 1357.
Package xcolor Info: Model `HSB' substituted by `hsb' on input line 1358.
Package xcolor Info: Model `Gray' substituted by `gray' on input line 1359.
Package xcolor Info: Model `wave' substituted by `hsb' on input line 1360.
)
(C:\Enseignement\Livre_Exo_Vuibert\Installation\TIKZ\texmf\tex\generic\pgf\basi
clayer\pgfcore.code.tex
Package: pgfcore 2010/04/11 v3.0.0 (rcs-revision 1.7)

(C:\Enseignement\Livre_Exo_Vuibert\Installation\TIKZ\texmf\tex\generic\pgf\math
\pgfmath.code.tex
(C:\Enseignement\Livre_Exo_Vuibert\Installation\TIKZ\texmf\tex\generic\pgf\math
\pgfmathcalc.code.tex
(C:\Enseignement\Livre_Exo_Vuibert\Installation\TIKZ\texmf\tex\generic\pgf\math
\pgfmathutil.code.tex)
(C:\Enseignement\Livre_Exo_Vuibert\Installation\TIKZ\texmf\tex\generic\pgf\math
\pgfmathparser.code.tex
\pgfmath@dimen=\dimen115
\pgfmath@count=\count97
\pgfmath@box=\box27
\pgfmath@toks=\toks23
\pgfmath@stack@operand=\toks24
\pgfmath@stack@operation=\toks25
)
(C:\Enseignement\Livre_Exo_Vuibert\Installation\TIKZ\texmf\tex\generic\pgf\math
\pgfmathfunctions.code.tex
(C:\Enseignement\Livre_Exo_Vuibert\Installation\TIKZ\texmf\tex\generic\pgf\math
\pgfmathfunctions.basic.code.tex)
(C:\Enseignement\Livre_Exo_Vuibert\Installation\TIKZ\texmf\tex\generic\pgf\math
\pgfmathfunctions.trigonometric.code.tex)
(C:\Enseignement\Livre_Exo_Vuibert\Installation\TIKZ\texmf\tex\generic\pgf\math
\pgfmathfunctions.random.code.tex)
(C:\Enseignement\Livre_Exo_Vuibert\Installation\TIKZ\texmf\tex\generic\pgf\math
\pgfmathfunctions.comparison.code.tex)
(C:\Enseignement\Livre_Exo_Vuibert\Installation\TIKZ\texmf\tex\generic\pgf\math
\pgfmathfunctions.base.code.tex)
(C:\Enseignement\Livre_Exo_Vuibert\Installation\TIKZ\texmf\tex\generic\pgf\math
\pgfmathfunctions.round.code.tex)
(C:\Enseignement\Livre_Exo_Vuibert\Installation\TIKZ\texmf\tex\generic\pgf\math
\pgfmathfunctions.misc.code.tex)
(C:\Enseignement\Livre_Exo_Vuibert\Installation\TIKZ\texmf\tex\generic\pgf\math
\pgfmathfunctions.integerarithmetics.code.tex)))
(C:\Enseignement\Livre_Exo_Vuibert\Installation\TIKZ\texmf\tex\generic\pgf\math
\pgfmathfloat.code.tex
\c@pgfmathroundto@lastzeros=\count98
))
(C:\Enseignement\Livre_Exo_Vuibert\Installation\TIKZ\texmf\tex\generic\pgf\basi
clayer\pgfcorepoints.code.tex
File: pgfcorepoints.code.tex 2013/10/07  (rcs-revision 1.27)
\pgf@picminx=\dimen116
\pgf@picmaxx=\dimen117
\pgf@picminy=\dimen118
\pgf@picmaxy=\dimen119
\pgf@pathminx=\dimen120
\pgf@pathmaxx=\dimen121
\pgf@pathminy=\dimen122
\pgf@pathmaxy=\dimen123
\pgf@xx=\dimen124
\pgf@xy=\dimen125
\pgf@yx=\dimen126
\pgf@yy=\dimen127
\pgf@zx=\dimen128
\pgf@zy=\dimen129
)
(C:\Enseignement\Livre_Exo_Vuibert\Installation\TIKZ\texmf\tex\generic\pgf\basi
clayer\pgfcorepathconstruct.code.tex
File: pgfcorepathconstruct.code.tex 2013/10/07  (rcs-revision 1.29)
\pgf@path@lastx=\dimen130
\pgf@path@lasty=\dimen131
)
(C:\Enseignement\Livre_Exo_Vuibert\Installation\TIKZ\texmf\tex\generic\pgf\basi
clayer\pgfcorepathusage.code.tex
File: pgfcorepathusage.code.tex 2013/12/13  (rcs-revision 1.23)
\pgf@shorten@end@additional=\dimen132
\pgf@shorten@start@additional=\dimen133
)
(C:\Enseignement\Livre_Exo_Vuibert\Installation\TIKZ\texmf\tex\generic\pgf\basi
clayer\pgfcorescopes.code.tex
File: pgfcorescopes.code.tex 2013/10/09  (rcs-revision 1.44)
\pgfpic=\box28
\pgf@hbox=\box29
\pgf@layerbox@main=\box30
\pgf@picture@serial@count=\count99
)
(C:\Enseignement\Livre_Exo_Vuibert\Installation\TIKZ\texmf\tex\generic\pgf\basi
clayer\pgfcoregraphicstate.code.tex
File: pgfcoregraphicstate.code.tex 2013/09/19  (rcs-revision 1.11)
\pgflinewidth=\dimen134
)
(C:\Enseignement\Livre_Exo_Vuibert\Installation\TIKZ\texmf\tex\generic\pgf\basi
clayer\pgfcoretransformations.code.tex
File: pgfcoretransformations.code.tex 2013/10/10  (rcs-revision 1.17)
\pgf@pt@x=\dimen135
\pgf@pt@y=\dimen136
\pgf@pt@temp=\dimen137
)
(C:\Enseignement\Livre_Exo_Vuibert\Installation\TIKZ\texmf\tex\generic\pgf\basi
clayer\pgfcorequick.code.tex
File: pgfcorequick.code.tex 2008/10/09  (rcs-revision 1.3)
)
(C:\Enseignement\Livre_Exo_Vuibert\Installation\TIKZ\texmf\tex\generic\pgf\basi
clayer\pgfcoreobjects.code.tex
File: pgfcoreobjects.code.tex 2006/10/11  (rcs-revision 1.2)
)
(C:\Enseignement\Livre_Exo_Vuibert\Installation\TIKZ\texmf\tex\generic\pgf\basi
clayer\pgfcorepathprocessing.code.tex
File: pgfcorepathprocessing.code.tex 2013/09/09  (rcs-revision 1.9)
)
(C:\Enseignement\Livre_Exo_Vuibert\Installation\TIKZ\texmf\tex\generic\pgf\basi
clayer\pgfcorearrows.code.tex
File: pgfcorearrows.code.tex 2013/11/07  (rcs-revision 1.40)
\pgfarrowsep=\dimen138
)
(C:\Enseignement\Livre_Exo_Vuibert\Installation\TIKZ\texmf\tex\generic\pgf\basi
clayer\pgfcoreshade.code.tex
File: pgfcoreshade.code.tex 2013/07/15  (rcs-revision 1.15)
\pgf@max=\dimen139
\pgf@sys@shading@range@num=\count100
)
(C:\Enseignement\Livre_Exo_Vuibert\Installation\TIKZ\texmf\tex\generic\pgf\basi
clayer\pgfcoreimage.code.tex
File: pgfcoreimage.code.tex 2013/07/15  (rcs-revision 1.18)

(C:\Enseignement\Livre_Exo_Vuibert\Installation\TIKZ\texmf\tex\generic\pgf\basi
clayer\pgfcoreexternal.code.tex
File: pgfcoreexternal.code.tex 2013/07/15  (rcs-revision 1.20)
\pgfexternal@startupbox=\box31
))
(C:\Enseignement\Livre_Exo_Vuibert\Installation\TIKZ\texmf\tex\generic\pgf\basi
clayer\pgfcorelayers.code.tex
File: pgfcorelayers.code.tex 2013/07/18  (rcs-revision 1.7)
)
(C:\Enseignement\Livre_Exo_Vuibert\Installation\TIKZ\texmf\tex\generic\pgf\basi
clayer\pgfcoretransparency.code.tex
File: pgfcoretransparency.code.tex 2013/09/30  (rcs-revision 1.5)
)
(C:\Enseignement\Livre_Exo_Vuibert\Installation\TIKZ\texmf\tex\generic\pgf\basi
clayer\pgfcorepatterns.code.tex
File: pgfcorepatterns.code.tex 2013/11/07  (rcs-revision 1.5)
)))
(C:\Enseignement\Livre_Exo_Vuibert\Installation\TIKZ\texmf\tex\generic\pgf\modu
les\pgfmoduleshapes.code.tex
File: pgfmoduleshapes.code.tex 2013/10/31  (rcs-revision 1.34)
\pgfnodeparttextbox=\box32
)
(C:\Enseignement\Livre_Exo_Vuibert\Installation\TIKZ\texmf\tex\generic\pgf\modu
les\pgfmoduleplot.code.tex
File: pgfmoduleplot.code.tex 2013/07/31  (rcs-revision 1.12)
)
(C:\Enseignement\Livre_Exo_Vuibert\Installation\TIKZ\texmf\tex\latex\pgf\compat
ibility\pgfcomp-version-0-65.sty
Package: pgfcomp-version-0-65 2007/07/03 v3.0.0 (rcs-revision 1.7)
\pgf@nodesepstart=\dimen140
\pgf@nodesepend=\dimen141
)
(C:\Enseignement\Livre_Exo_Vuibert\Installation\TIKZ\texmf\tex\latex\pgf\compat
ibility\pgfcomp-version-1-18.sty
Package: pgfcomp-version-1-18 2007/07/23 v3.0.0 (rcs-revision 1.1)
))
(C:\Enseignement\Livre_Exo_Vuibert\Installation\TIKZ\texmf\tex\latex\pgf\utilit
ies\pgffor.sty
(C:\Enseignement\Livre_Exo_Vuibert\Installation\TIKZ\texmf\tex\latex\pgf\utilit
ies\pgfkeys.sty
(C:\Enseignement\Livre_Exo_Vuibert\Installation\TIKZ\texmf\tex\generic\pgf\util
ities\pgfkeys.code.tex))
(C:\Enseignement\Livre_Exo_Vuibert\Installation\TIKZ\texmf\tex\latex\pgf\math\p
gfmath.sty
(C:\Enseignement\Livre_Exo_Vuibert\Installation\TIKZ\texmf\tex\generic\pgf\math
\pgfmath.code.tex))
(C:\Enseignement\Livre_Exo_Vuibert\Installation\TIKZ\texmf\tex\generic\pgf\util
ities\pgffor.code.tex
Package: pgffor 2013/12/13 v3.0.0 (rcs-revision 1.25)

(C:\Enseignement\Livre_Exo_Vuibert\Installation\TIKZ\texmf\tex\generic\pgf\math
\pgfmath.code.tex)
\pgffor@iter=\dimen142
\pgffor@skip=\dimen143
\pgffor@stack=\toks26
\pgffor@toks=\toks27
))
(C:\Enseignement\Livre_Exo_Vuibert\Installation\TIKZ\texmf\tex\generic\pgf\fron
tendlayer\tikz\tikz.code.tex
Package: tikz 2013/12/13 v3.0.0 (rcs-revision 1.142)

(C:\Enseignement\Livre_Exo_Vuibert\Installation\TIKZ\texmf\tex\generic\pgf\libr
aries\pgflibraryplothandlers.code.tex
File: pgflibraryplothandlers.code.tex 2013/08/31 v3.0.0 (rcs-revision 1.20)
\pgf@plot@mark@count=\count101
\pgfplotmarksize=\dimen144
)
\tikz@lastx=\dimen145
\tikz@lasty=\dimen146
\tikz@lastxsaved=\dimen147
\tikz@lastysaved=\dimen148
\tikzleveldistance=\dimen149
\tikzsiblingdistance=\dimen150
\tikz@figbox=\box33
\tikz@figbox@bg=\box34
\tikz@tempbox=\box35
\tikz@tempbox@bg=\box36
\tikztreelevel=\count102
\tikznumberofchildren=\count103
\tikznumberofcurrentchild=\count104
\tikz@fig@count=\count105

(C:\Enseignement\Livre_Exo_Vuibert\Installation\TIKZ\texmf\tex\generic\pgf\modu
les\pgfmodulematrix.code.tex
File: pgfmodulematrix.code.tex 2013/09/17  (rcs-revision 1.8)
\pgfmatrixcurrentrow=\count106
\pgfmatrixcurrentcolumn=\count107
\pgf@matrix@numberofcolumns=\count108
)
\tikz@expandcount=\count109

(C:\Enseignement\Livre_Exo_Vuibert\Installation\TIKZ\texmf\tex\generic\pgf\fron
tendlayer\tikz\libraries\tikzlibrarytopaths.code.tex
File: tikzlibrarytopaths.code.tex 2008/06/17 v3.0.0 (rcs-revision 1.2)
)))
\sa@box=\box37
) ("C:\Program Files\MiKTeX 2.9\tex\latex\schemabloc\schemabloc.sty"
Package: schemabloc 2006/12/29
("C:\Program Files\MiKTeX 2.9\tex\latex\base\ifthen.sty"
Package: ifthen 2014/09/29 v1.1c Standard LaTeX ifthen package (DPC)
)
(C:\Enseignement\Livre_Exo_Vuibert\Installation\TIKZ\texmf\tex\generic\pgf\fron
tendlayer\tikz\libraries\tikzlibraryshapes.code.tex
File: tikzlibraryshapes.code.tex 2008/01/09 v3.0.0 (rcs-revision 1.1)

(C:\Enseignement\Livre_Exo_Vuibert\Installation\TIKZ\texmf\tex\generic\pgf\fron
tendlayer\tikz\libraries\tikzlibraryshapes.geometric.code.tex
File: tikzlibraryshapes.geometric.code.tex 2008/01/09 v3.0.0 (rcs-revision 1.1)


(C:\Enseignement\Livre_Exo_Vuibert\Installation\TIKZ\texmf\tex\generic\pgf\libr
aries\shapes\pgflibraryshapes.geometric.code.tex
File: pgflibraryshapes.geometric.code.tex 2008/06/26 v3.0.0 (rcs-revision 1.1)
))
(C:\Enseignement\Livre_Exo_Vuibert\Installation\TIKZ\texmf\tex\generic\pgf\fron
tendlayer\tikz\libraries\tikzlibraryshapes.misc.code.tex
File: tikzlibraryshapes.misc.code.tex 2008/01/09 v3.0.0 (rcs-revision 1.1)

(C:\Enseignement\Livre_Exo_Vuibert\Installation\TIKZ\texmf\tex\generic\pgf\libr
aries\shapes\pgflibraryshapes.misc.code.tex
File: pgflibraryshapes.misc.code.tex 2013/07/18 v3.0.0 (rcs-revision 1.5)
))
(C:\Enseignement\Livre_Exo_Vuibert\Installation\TIKZ\texmf\tex\generic\pgf\fron
tendlayer\tikz\libraries\tikzlibraryshapes.symbols.code.tex
File: tikzlibraryshapes.symbols.code.tex 2008/01/09 v3.0.0 (rcs-revision 1.1)

(C:\Enseignement\Livre_Exo_Vuibert\Installation\TIKZ\texmf\tex\generic\pgf\libr
aries\shapes\pgflibraryshapes.symbols.code.tex
File: pgflibraryshapes.symbols.code.tex 2013/09/11 v3.0.0 (rcs-revision 1.6)
))
(C:\Enseignement\Livre_Exo_Vuibert\Installation\TIKZ\texmf\tex\generic\pgf\fron
tendlayer\tikz\libraries\tikzlibraryshapes.arrows.code.tex
File: tikzlibraryshapes.arrows.code.tex 2008/01/09 v3.0.0 (rcs-revision 1.1)

(C:\Enseignement\Livre_Exo_Vuibert\Installation\TIKZ\texmf\tex\generic\pgf\libr
aries\shapes\pgflibraryshapes.arrows.code.tex
File: pgflibraryshapes.arrows.code.tex 2008/06/26 v3.0.0 (rcs-revision 1.1)
))
(C:\Enseignement\Livre_Exo_Vuibert\Installation\TIKZ\texmf\tex\generic\pgf\fron
tendlayer\tikz\libraries\tikzlibraryshapes.callouts.code.tex
(C:\Enseignement\Livre_Exo_Vuibert\Installation\TIKZ\texmf\tex\generic\pgf\libr
aries\shapes\pgflibraryshapes.callouts.code.tex))
(C:\Enseignement\Livre_Exo_Vuibert\Installation\TIKZ\texmf\tex\generic\pgf\fron
tendlayer\tikz\libraries\tikzlibraryshapes.multipart.code.tex
File: tikzlibraryshapes.multipart.code.tex 2008/01/09 v3.0.0 (rcs-revision 1.1)


(C:\Enseignement\Livre_Exo_Vuibert\Installation\TIKZ\texmf\tex\generic\pgf\libr
aries\shapes\pgflibraryshapes.multipart.code.tex
File: pgflibraryshapes.multipart.code.tex 2010/01/07 v3.0.0 (rcs-revision 1.2)
\pgfnodepartlowerbox=\box38
\pgfnodeparttwobox=\box39
\pgfnodepartthreebox=\box40
\pgfnodepartfourbox=\box41
\pgfnodeparttwentybox=\box42
\pgfnodepartnineteenbox=\box43
\pgfnodeparteighteenbox=\box44
\pgfnodepartseventeenbox=\box45
\pgfnodepartsixteenbox=\box46
\pgfnodepartfifteenbox=\box47
\pgfnodepartfourteenbox=\box48
\pgfnodepartthirteenbox=\box49
\pgfnodeparttwelvebox=\box50
\pgfnodepartelevenbox=\box51
\pgfnodeparttenbox=\box52
\pgfnodepartninebox=\box53
\pgfnodeparteightbox=\box54
\pgfnodepartsevenbox=\box55
\pgfnodepartsixbox=\box56
\pgfnodepartfivebox=\box57
)))
(C:\Enseignement\Livre_Exo_Vuibert\Installation\TIKZ\texmf\tex\generic\pgf\fron
tendlayer\tikz\libraries\tikzlibraryarrows.code.tex
File: tikzlibraryarrows.code.tex 2008/01/09 v3.0.0 (rcs-revision 1.1)

(C:\Enseignement\Livre_Exo_Vuibert\Installation\TIKZ\texmf\tex\generic\pgf\libr
aries\pgflibraryarrows.code.tex
File: pgflibraryarrows.code.tex 2013/09/23 v3.0.0 (rcs-revision 1.16)
\arrowsize=\dimen151
))) (images/Schema2entrees.aux)
LaTeX Font Info:    Checking defaults for OML/cmm/m/it on input line 7.
LaTeX Font Info:    ... okay on input line 7.
LaTeX Font Info:    Checking defaults for T1/cmr/m/n on input line 7.
LaTeX Font Info:    ... okay on input line 7.
LaTeX Font Info:    Checking defaults for OT1/cmr/m/n on input line 7.
LaTeX Font Info:    ... okay on input line 7.
LaTeX Font Info:    Checking defaults for OMS/cmsy/m/n on input line 7.
LaTeX Font Info:    ... okay on input line 7.
LaTeX Font Info:    Checking defaults for OMX/cmex/m/n on input line 7.
LaTeX Font Info:    ... okay on input line 7.
LaTeX Font Info:    Checking defaults for U/cmr/m/n on input line 7.
LaTeX Font Info:    ... okay on input line 7.
ABD: EveryShipout initializing macros ("C:\Program Files\MiKTeX 2.9\tex\context
\base\supp-pdf.mkii"
[Loading MPS to PDF converter (version 2006.09.02).]
\scratchcounter=\count110
\scratchdimen=\dimen152
\scratchbox=\box58
\nofMPsegments=\count111
\nofMParguments=\count112
\everyMPshowfont=\toks28
\MPscratchCnt=\count113
\MPscratchDim=\dimen153
\MPnumerator=\count114
\makeMPintoPDFobject=\count115
\everyMPtoPDFconversion=\toks29
)
LaTeX Font Info:    External font `cmex10' loaded for size
(Font)              <8> on input line 13.
LaTeX Font Info:    External font `cmex10' loaded for size
(Font)              <6> on input line 13.
LaTeX Font Info:    External font `cmex10' loaded for size
(Font)              <5> on input line 13.
! Undefined control sequence.
<recently read> \text 
                      
l.32 ...latex-] (c2) --++ (0,1) node[left] {$\text
                                                  {Pert}(p)$};
The control sequence at the end of the top line
of your error message was never \def'ed. If you have
misspelled it (e.g., `\hobx'), type `I' and the correct
spelling (e.g., `I\hbox'). Otherwise just continue,
and I'll forget about whatever was undefined.

[1

{C:/Users/Xavier/AppData/Local/MiKTeX/2.9/pdftex/config/pdftex.map}] (images/Sc
hema2entrees.aux) ) 
Here is how much of TeX's memory you used:
 14043 strings out of 493675
 309890 string characters out of 3143992
 364823 words of memory out of 3000000
 17151 multiletter control sequences out of 15000+200000
 5463 words of font info for 20 fonts, out of 3000000 for 9000
 1025 hyphenation exceptions out of 8191
 62i,7n,69p,426b,604s stack positions out of 5000i,500n,10000p,200000b,50000s
<C:/Program Files/MiKTeX 2.9/fonts/type1/public/amsfonts/cm/
cmmi8.pfb><C:/Program Files/MiKTeX 2.9/fonts/type1/public/amsfonts/cm/cmr6.pfb>
<C:/Program Files/MiKTeX 2.9/fonts/type1/public/amsfonts/cm/cmr8.pfb><C:/Progra
m Files/MiKTeX 2.9/fonts/type1/public/amsfonts/cm/cmsy8.pfb>
Output written on images/Schema2entrees.pdf (1 page, 34672 bytes).
PDF statistics:
 25 PDF objects out of 1000 (max. 8388607)
 0 named destinations out of 1000 (max. 500000)
 13 words of extra memory for PDF output out of 10000 (max. 10000000)

